<?xml version="1.0" encoding="UTF-8"?><testsuite errors="1" failures="0" name="realizar busqueda de lugar para viajar en TripAdvisor" skipped="0" tests="1" time="52.86" timestamp="2019-10-04T16:09:00.344-05:00[America/Bogota]"><testcase name="realizar la busqueda de un sitio y un restaurante para comer"><error message="The following error occurred: Timed out after 10 seconds. Element not found&#10;For documentation on this error, please visit: http://seleniumhq.org/exceptions/no_such_element.html&#10;Build info: version: '3.5.2', revision: '10229a9', time: '2017-08-21T17:29:55.15Z'&#10;System info: host: 'CHMEPPF0HFPV2', ip: '172.17.27.88', os.name: 'Windows 10', os.arch: 'amd64', os.version: '10.0', java.version: '1.8.0_172'&#10;Driver info: driver.version: unknown&#10;For documentation on this error, please visit: http://seleniumhq.org/exceptions/no_such_element.html&#10;Build info: version: '3.5.2', revision: '10229a9', time: '2017-08-21T17:29:55.15Z'&#10;System info: host: 'CHMEPPF0HFPV2', ip: '172.17.27.88', os.name: 'Windows 10', os.arch: 'amd64', os.version: '10.0', java.version: '1.8.0_172'&#10;Driver info: driver.version: unknown" type="org.openqa.selenium.NoSuchElementException">The following error occurred: Timed out after 10 seconds. Element not found
For documentation on this error, please visit: http://seleniumhq.org/exceptions/no_such_element.html
Build info: version: '3.5.2', revision: '10229a9', time: '2017-08-21T17:29:55.15Z'
System info: host: 'CHMEPPF0HFPV2', ip: '172.17.27.88', os.name: 'Windows 10', os.arch: 'amd64', os.version: '10.0', java.version: '1.8.0_172'
Driver info: driver.version: unknown
For documentation on this error, please visit: http://seleniumhq.org/exceptions/no_such_element.html
Build info: version: '3.5.2', revision: '10229a9', time: '2017-08-21T17:29:55.15Z'
System info: host: 'CHMEPPF0HFPV2', ip: '172.17.27.88', os.name: 'Windows 10', os.arch: 'amd64', os.version: '10.0', java.version: '1.8.0_172'
Driver info: driver.version: unknown</error><system-err>The following error occurred: Timed out after 10 seconds. Element not found
For documentation on this error, please visit: http://seleniumhq.org/exceptions/no_such_element.html
Build info: version: '3.5.2', revision: '10229a9', time: '2017-08-21T17:29:55.15Z'
System info: host: 'CHMEPPF0HFPV2', ip: '172.17.27.88', os.name: 'Windows 10', os.arch: 'amd64', os.version: '10.0', java.version: '1.8.0_172'
Driver info: driver.version: unknown
For documentation on this error, please visit: http://seleniumhq.org/exceptions/no_such_element.html
Build info: version: '3.5.2', revision: '10229a9', time: '2017-08-21T17:29:55.15Z'
System info: host: 'CHMEPPF0HFPV2', ip: '172.17.27.88', os.name: 'Windows 10', os.arch: 'amd64', os.version: '10.0', java.version: '1.8.0_172'
Driver info: driver.version: unknown&#13;
com.choucair.formacion.pageobjects.BusquedaTripPage.busquedaSitio(BusquedaTripPage.java:103)&#13;
com.choucair.formacion.steps.BusquedaTripStep.busquedaLugar(BusquedaTripStep.java:25)&#13;
com.choucair.formacion.definition.BusquedaTripDefinition.selecciono_el_lugar_y_el_restaurante(BusquedaTripDefinition.java:24)&#13;
</system-err></testcase></testsuite>