<?xml version="1.0" encoding="UTF-8"?><testsuite errors="1" failures="0" name="cita Medica" skipped="0" tests="2" time="20.07" timestamp="2019-08-01T15:49:17.546-05:00[America/Bogota]"><testcase name="Realizar registro de un doctor"/><testcase name="Realizar registro de un paciente"><error message="The following error occurred: invalid selector: Unable to locate an element with the xpath expression //*[@id='page-wrapper'']/div/div[2]/div/div/div/div/div[1]/div/a[2] because of the following error:&#10;SyntaxError: Failed to execute 'evaluate' on 'Document': The string '//*[@id='page-wrapper'']/div/div[2]/div/div/div/div/div[1]/div/a[2]' is not a valid XPath expression.&#10;  (Session info: chrome=75.0.3770.142)&#10;  (Driver info: chromedriver=2.41.578737 (49da6702b16031c40d63e5618de03a32ff6c197e),platform=Windows NT 10.0.17763 x86_64) (WARNING: The server did not provide any stacktrace information)&#10;Command duration or timeout: 0 milliseconds&#10;For documentation on this error, please visit: http://seleniumhq.org/exceptions/invalid_selector_exception.html&#10;Build info: version: '3.5.2', revision: '10229a9', time: '2017-08-21T17:29:55.15Z'&#10;System info: host: 'CHMEPPF0HFPV3', ip: '172.17.27.104', os.name: 'Windows 10', os.arch: 'amd64', os.version: '10.0', java.version: '1.8.0_172'&#10;Driver info: org.openqa.selenium.remote.RemoteWebDriver&#10;Capabilities [{mobileEmulationEnabled=false, hasTouchScreen=false, platform=XP, acceptSslCerts=false, goog:chromeOptions={debuggerAddress=localhost:49962}, acceptInsecureCerts=false, webStorageEnabled=true, browserName=chrome, takesScreenshot=true, javascriptEnabled=true, setWindowRect=true, unexpectedAlertBehaviour=, applicationCacheEnabled=false, rotatable=false, networkConnectionEnabled=false, chrome={chromedriverVersion=2.41.578737 (49da6702b16031c40d63e5618de03a32ff6c197e), userDataDir=C:\Users\mmolinao\AppData\Local\Temp\scoped_dir23144_998}, takesHeapSnapshot=true, unhandledPromptBehavior=, pageLoadStrategy=normal, databaseEnabled=false, handlesAlerts=true, version=75.0.3770.142, browserConnectionEnabled=false, nativeEvents=true, locationContextEnabled=true, cssSelectorsEnabled=true}]&#10;Session ID: 26b3105aec049ac99c18e99c13e642c3&#10;*** Element info: {Using=xpath, value=//*[@id='page-wrapper'']/div/div[2]/div/div/div/div/div[1]/div/a[2]}&#10;For documentation on this error, please visit: http://seleniumhq.org/exceptions/invalid_selector_exception.html&#10;Build info: version: '3.5.2', revision: '10229a9', time: '2017-08-21T17:29:55.15Z'&#10;System info: host: 'CHMEPPF0HFPV3', ip: '172.17.27.104', os.name: 'Windows 10', os.arch: 'amd64', os.version: '10.0', java.version: '1.8.0_172'&#10;Driver info: driver.version: unknown" type="org.openqa.selenium.InvalidSelectorException">The following error occurred: invalid selector: Unable to locate an element with the xpath expression //*[@id='page-wrapper'']/div/div[2]/div/div/div/div/div[1]/div/a[2] because of the following error:
SyntaxError: Failed to execute 'evaluate' on 'Document': The string '//*[@id='page-wrapper'']/div/div[2]/div/div/div/div/div[1]/div/a[2]' is not a valid XPath expression.
  (Session info: chrome=75.0.3770.142)
  (Driver info: chromedriver=2.41.578737 (49da6702b16031c40d63e5618de03a32ff6c197e),platform=Windows NT 10.0.17763 x86_64) (WARNING: The server did not provide any stacktrace information)
Command duration or timeout: 0 milliseconds
For documentation on this error, please visit: http://seleniumhq.org/exceptions/invalid_selector_exception.html
Build info: version: '3.5.2', revision: '10229a9', time: '2017-08-21T17:29:55.15Z'
System info: host: 'CHMEPPF0HFPV3', ip: '172.17.27.104', os.name: 'Windows 10', os.arch: 'amd64', os.version: '10.0', java.version: '1.8.0_172'
Driver info: org.openqa.selenium.remote.RemoteWebDriver
Capabilities [{mobileEmulationEnabled=false, hasTouchScreen=false, platform=XP, acceptSslCerts=false, goog:chromeOptions={debuggerAddress=localhost:49962}, acceptInsecureCerts=false, webStorageEnabled=true, browserName=chrome, takesScreenshot=true, javascriptEnabled=true, setWindowRect=true, unexpectedAlertBehaviour=, applicationCacheEnabled=false, rotatable=false, networkConnectionEnabled=false, chrome={chromedriverVersion=2.41.578737 (49da6702b16031c40d63e5618de03a32ff6c197e), userDataDir=C:\Users\mmolinao\AppData\Local\Temp\scoped_dir23144_998}, takesHeapSnapshot=true, unhandledPromptBehavior=, pageLoadStrategy=normal, databaseEnabled=false, handlesAlerts=true, version=75.0.3770.142, browserConnectionEnabled=false, nativeEvents=true, locationContextEnabled=true, cssSelectorsEnabled=true}]
Session ID: 26b3105aec049ac99c18e99c13e642c3
*** Element info: {Using=xpath, value=//*[@id='page-wrapper'']/div/div[2]/div/div/div/div/div[1]/div/a[2]}
For documentation on this error, please visit: http://seleniumhq.org/exceptions/invalid_selector_exception.html
Build info: version: '3.5.2', revision: '10229a9', time: '2017-08-21T17:29:55.15Z'
System info: host: 'CHMEPPF0HFPV3', ip: '172.17.27.104', os.name: 'Windows 10', os.arch: 'amd64', os.version: '10.0', java.version: '1.8.0_172'
Driver info: driver.version: unknown</error><system-err>The following error occurred: invalid selector: Unable to locate an element with the xpath expression //*[@id='page-wrapper'']/div/div[2]/div/div/div/div/div[1]/div/a[2] because of the following error:
SyntaxError: Failed to execute 'evaluate' on 'Document': The string '//*[@id='page-wrapper'']/div/div[2]/div/div/div/div/div[1]/div/a[2]' is not a valid XPath expression.
  (Session info: chrome=75.0.3770.142)
  (Driver info: chromedriver=2.41.578737 (49da6702b16031c40d63e5618de03a32ff6c197e),platform=Windows NT 10.0.17763 x86_64) (WARNING: The server did not provide any stacktrace information)
Command duration or timeout: 0 milliseconds
For documentation on this error, please visit: http://seleniumhq.org/exceptions/invalid_selector_exception.html
Build info: version: '3.5.2', revision: '10229a9', time: '2017-08-21T17:29:55.15Z'
System info: host: 'CHMEPPF0HFPV3', ip: '172.17.27.104', os.name: 'Windows 10', os.arch: 'amd64', os.version: '10.0', java.version: '1.8.0_172'
Driver info: org.openqa.selenium.remote.RemoteWebDriver
Capabilities [{mobileEmulationEnabled=false, hasTouchScreen=false, platform=XP, acceptSslCerts=false, goog:chromeOptions={debuggerAddress=localhost:49962}, acceptInsecureCerts=false, webStorageEnabled=true, browserName=chrome, takesScreenshot=true, javascriptEnabled=true, setWindowRect=true, unexpectedAlertBehaviour=, applicationCacheEnabled=false, rotatable=false, networkConnectionEnabled=false, chrome={chromedriverVersion=2.41.578737 (49da6702b16031c40d63e5618de03a32ff6c197e), userDataDir=C:\Users\mmolinao\AppData\Local\Temp\scoped_dir23144_998}, takesHeapSnapshot=true, unhandledPromptBehavior=, pageLoadStrategy=normal, databaseEnabled=false, handlesAlerts=true, version=75.0.3770.142, browserConnectionEnabled=false, nativeEvents=true, locationContextEnabled=true, cssSelectorsEnabled=true}]
Session ID: 26b3105aec049ac99c18e99c13e642c3
*** Element info: {Using=xpath, value=//*[@id='page-wrapper'']/div/div[2]/div/div/div/div/div[1]/div/a[2]}
For documentation on this error, please visit: http://seleniumhq.org/exceptions/invalid_selector_exception.html
Build info: version: '3.5.2', revision: '10229a9', time: '2017-08-21T17:29:55.15Z'
System info: host: 'CHMEPPF0HFPV3', ip: '172.17.27.104', os.name: 'Windows 10', os.arch: 'amd64', os.version: '10.0', java.version: '1.8.0_172'
Driver info: driver.version: unknown&#13;
com.choucair.formacion.pageobjects.GestionRegistroPacientePageObjects.registroPaciente(GestionRegistroPacientePageObjects.java:15)&#13;
com.choucair.formacion.steps.GestionRegistroPacienteSteps.registroPaciente(GestionRegistroPacienteSteps.java:20)&#13;
com.choucair.formacion.definition.GestionRegistroPacienteDefinitions.el_realiza_el_registro_del_mismo_en_el_aplicativo_de_Administración_de_Hospitales_nombrePaciente_apellidoPaciente_telefonoPaciente_documentoPaciente(GestionRegistroPacienteDefinitions.java:26)&#13;
</system-err></testcase></testsuite>